<?xml version="1.0" encoding="UTF-8"?>
<!-- Generated by org.testng.reporters.JUnitXMLReporter -->
<testsuite ignored="0" hostname="DESKTOP-59HQ26K" failures="0" tests="2" name="Linux-Firefox" time="4.443" errors="0" timestamp="2025-05-06T23:04:16 IST">
  <testcase classname="testCase.TC_AR_001" name="verity_account_registration" time="0.0">
    <skipped/>
  </testcase> <!-- verity_account_registration -->
  <testcase classname="testCase.TC_LT_002" name="testlogin" time="0.0">
    <skipped/>
  </testcase> <!-- testlogin -->
</testsuite> <!-- Linux-Firefox -->
