<?xml version="1.0" encoding="UTF-8"?>
<testng-results ignored="0" total="2" passed="2" failed="0" skipped="0">
  <reporter-output>
  </reporter-output>
  <suite started-at="2025-05-10T19:55:50 IST" name="Grid Suite" finished-at="2025-05-10T19:56:32 IST" duration-ms="41238">
    <groups>
    </groups>
    <test started-at="2025-05-10T19:55:50 IST" name="Linux-Chrome" finished-at="2025-05-10T19:56:32 IST" duration-ms="41238">
      <class name="testCase.TC_LT_002">
        <test-method is-config="true" signature="Setup(java.lang.String,java.lang.String)[pri:0, instance:testCase.TC_LT_002@7eac9008]" started-at="2025-05-10T19:56:19 IST" name="Setup" finished-at="2025-05-10T19:56:28 IST" duration-ms="8539" status="PASS">
          <params>
            <param index="0">
              <value>
                <![CDATA[Linux]]>
              </value>
            </param>
            <param index="1">
              <value>
                <![CDATA[Chrome]]>
              </value>
            </param>
          </params>
          <reporter-output>
          </reporter-output>
        </test-method> <!-- Setup -->
        <test-method signature="testlogin()[pri:0, instance:testCase.TC_LT_002@7eac9008]" started-at="2025-05-10T19:56:28 IST" name="testlogin" finished-at="2025-05-10T19:56:31 IST" duration-ms="2677" status="PASS">
          <reporter-output>
          </reporter-output>
        </test-method> <!-- testlogin -->
        <test-method is-config="true" signature="tearDown()[pri:0, instance:testCase.TC_LT_002@7eac9008]" started-at="2025-05-10T19:56:31 IST" name="tearDown" finished-at="2025-05-10T19:56:32 IST" duration-ms="937" status="PASS">
          <reporter-output>
          </reporter-output>
        </test-method> <!-- tearDown -->
      </class> <!-- testCase.TC_LT_002 -->
      <class name="testCase.TC_AR_001">
        <test-method is-config="true" signature="Setup(java.lang.String,java.lang.String)[pri:0, instance:testCase.TC_AR_001@6f03482]" started-at="2025-05-10T19:55:52 IST" name="Setup" finished-at="2025-05-10T19:56:13 IST" duration-ms="21506" status="PASS">
          <params>
            <param index="0">
              <value>
                <![CDATA[Linux]]>
              </value>
            </param>
            <param index="1">
              <value>
                <![CDATA[Chrome]]>
              </value>
            </param>
          </params>
          <reporter-output>
          </reporter-output>
        </test-method> <!-- Setup -->
        <test-method signature="verity_account_registration()[pri:0, instance:testCase.TC_AR_001@6f03482]" started-at="2025-05-10T19:56:13 IST" name="verity_account_registration" finished-at="2025-05-10T19:56:18 IST" duration-ms="5006" status="PASS">
          <reporter-output>
          </reporter-output>
        </test-method> <!-- verity_account_registration -->
        <test-method is-config="true" signature="tearDown()[pri:0, instance:testCase.TC_AR_001@6f03482]" started-at="2025-05-10T19:56:18 IST" name="tearDown" finished-at="2025-05-10T19:56:19 IST" duration-ms="1103" status="PASS">
          <reporter-output>
          </reporter-output>
        </test-method> <!-- tearDown -->
      </class> <!-- testCase.TC_AR_001 -->
    </test> <!-- Linux-Chrome -->
  </suite> <!-- Grid Suite -->
</testng-results>
